<?xml version="1.0" encoding="UTF-8"?>
<!-- Generated by org.testng.reporters.JUnitReportReporter -->
<testsuite skipped="0" hostname="CRKRL-KAMRAFAR1" name="automation.NewTest" tests="1" failures="0" timestamp="2019-12-12T18:52:24 PKT" time="0.006" errors="0">
  <testcase name="f" time="0.006" classname="automation.NewTest"/>
</testsuite> <!-- automation.NewTest -->
